2020-08-29 01:08:42.343 [main] INFO  c.h.c.CashexchangeApplication - Starting CashexchangeApplication on DESKTOP-FJ35GHC with PID 15380 (D:\spring-workspace\cashexchange\cashexchange\target\classes started by zest1 in D:\spring-workspace\cashexchange\cashexchange)
2020-08-29 01:08:42.346 [main] DEBUG c.h.c.CashexchangeApplication - Running with Spring Boot v2.3.3.RELEASE, Spring v5.2.8.RELEASE
2020-08-29 01:08:42.347 [main] INFO  c.h.c.CashexchangeApplication - The following profiles are active: dev
2020-08-29 01:08:44.299 [main] WARN  o.s.b.a.o.j.JpaBaseConfiguration$JpaWebConfiguration - spring.jpa.open-in-view is enabled by default. Therefore, database queries may be performed during view rendering. Explicitly configure spring.jpa.open-in-view to disable this warning
2020-08-29 01:08:47.423 [main] WARN  o.s.b.w.s.c.AnnotationConfigServletWebServerApplicationContext - Exception encountered during context initialization - cancelling refresh attempt: org.springframework.context.ApplicationContextException: Failed to start bean 'webServerStartStop'; nested exception is org.springframework.boot.web.server.PortInUseException: Port 8080 is already in use
2020-08-29 01:08:47.460 [main] ERROR o.s.b.d.LoggingFailureAnalysisReporter - 

***************************
APPLICATION FAILED TO START
***************************

Description:

Web server failed to start. Port 8080 was already in use.

Action:

Identify and stop the process that's listening on port 8080 or configure this application to listen on another port.

2020-08-29 01:09:11.902 [main] INFO  c.h.c.CashexchangeApplication - Starting CashexchangeApplication on DESKTOP-FJ35GHC with PID 12132 (D:\spring-workspace\cashexchange\cashexchange\target\classes started by zest1 in D:\spring-workspace\cashexchange\cashexchange)
2020-08-29 01:09:11.904 [main] DEBUG c.h.c.CashexchangeApplication - Running with Spring Boot v2.3.3.RELEASE, Spring v5.2.8.RELEASE
2020-08-29 01:09:11.905 [main] INFO  c.h.c.CashexchangeApplication - The following profiles are active: dev
2020-08-29 01:09:13.890 [main] WARN  o.s.b.a.o.j.JpaBaseConfiguration$JpaWebConfiguration - spring.jpa.open-in-view is enabled by default. Therefore, database queries may be performed during view rendering. Explicitly configure spring.jpa.open-in-view to disable this warning
2020-08-29 01:09:16.990 [main] INFO  c.h.c.CashexchangeApplication - Started CashexchangeApplication in 5.399 seconds (JVM running for 6.333)
2020-08-29 01:10:48.735 [main] INFO  c.h.c.CashexchangeApplication - Starting CashexchangeApplication on DESKTOP-FJ35GHC with PID 12208 (D:\spring-workspace\cashexchange\cashexchange\target\classes started by zest1 in D:\spring-workspace\cashexchange\cashexchange)
2020-08-29 01:10:48.738 [main] DEBUG c.h.c.CashexchangeApplication - Running with Spring Boot v2.3.3.RELEASE, Spring v5.2.8.RELEASE
2020-08-29 01:10:48.738 [main] INFO  c.h.c.CashexchangeApplication - The following profiles are active: dev
2020-08-29 01:10:50.840 [main] WARN  o.s.b.a.o.j.JpaBaseConfiguration$JpaWebConfiguration - spring.jpa.open-in-view is enabled by default. Therefore, database queries may be performed during view rendering. Explicitly configure spring.jpa.open-in-view to disable this warning
2020-08-29 01:10:54.258 [main] INFO  c.h.c.CashexchangeApplication - Started CashexchangeApplication in 5.859 seconds (JVM running for 6.804)
